<?xml version="1.0" encoding="UTF-8"?>
<!-- Generated by org.testng.reporters.JUnitXMLReporter -->
<testsuite hostname="Olega" ignored="2" name="Test Suite" tests="2" failures="0" timestamp="21 июл 2018 08:34:06 GMT" time="0.027" errors="0">
  <testcase name="secondTest1" time="0.006" classname="com.eis.conspect.java.testing.testng.example1.FirstTestClass"/>
  <testcase name="firstTest2" time="0.0" classname="com.eis.conspect.java.testing.testng.example1.SecondTestClass"/>
  <testcase name="secondTest2" time="0.0" classname="com.eis.conspect.java.testing.testng.example1.SecondTestClass">
    <ignored/>
  </testcase> <!-- secondTest2 -->
  <testcase name="firstTest1" time="0.0" classname="com.eis.conspect.java.testing.testng.example1.FirstTestClass">
    <ignored/>
  </testcase> <!-- firstTest1 -->
</testsuite> <!-- Test Suite -->
