<?xml version="1.0" encoding="UTF-8"?>
<testsuite xmlns:xsi="http://www.w3.org/2001/XMLSchema-instance" xsi:noNamespaceSchemaLocation="https://maven.apache.org/surefire/maven-surefire-plugin/xsd/surefire-test-report.xsd" name="TestSuite" time="1.008" tests="2" errors="0" skipped="0" failures="0">
  <properties>
[...]
</properties>
  <testcase name="secondTest1" classname="com.eis.conspect.java.testing.testng.example1.FirstTestClass" time="0.007"/>
  <testcase name="firstTest2" classname="com.eis.conspect.java.testing.testng.example1.SecondTestClass" time="0"/>
</testsuite>