<?xml version="1.0" encoding="UTF-8"?>
<testng-results skipped="0" failed="0" ignored="2" total="4" passed="2">
  <reporter-output>
  </reporter-output>
  <suite name="Suite 1" duration-ms="27" started-at="2018-07-21T08:34:06Z" finished-at="2018-07-21T08:34:06Z">
    <groups>
    </groups>
    <test name="Test Suite" duration-ms="27" started-at="2018-07-21T08:34:06Z" finished-at="2018-07-21T08:34:06Z">
      <class name="com.eis.conspect.java.testing.testng.example1.FirstTestClass">
        <test-method status="PASS" signature="secondTest1()[pri:0, instance:com.eis.conspect.java.testing.testng.example1.FirstTestClass@7dc7cbad]" name="secondTest1" duration-ms="6" started-at="2018-07-21T11:34:06Z" finished-at="2018-07-21T11:34:06Z">
          <reporter-output>
          </reporter-output>
        </test-method> <!-- secondTest1 -->
      </class> <!-- com.eis.conspect.java.testing.testng.example1.FirstTestClass -->
      <class name="com.eis.conspect.java.testing.testng.example1.SecondTestClass">
        <test-method status="PASS" signature="firstTest2()[pri:0, instance:com.eis.conspect.java.testing.testng.example1.SecondTestClass@548a9f61]" name="firstTest2" duration-ms="0" started-at="2018-07-21T11:34:06Z" finished-at="2018-07-21T11:34:06Z">
          <reporter-output>
          </reporter-output>
        </test-method> <!-- firstTest2 -->
      </class> <!-- com.eis.conspect.java.testing.testng.example1.SecondTestClass -->
    </test> <!-- Test Suite -->
  </suite> <!-- Suite 1 -->
</testng-results>
